<?xml version="1.0" encoding="UTF-8"?>
<!-- Generated by org.testng.reporters.JUnitReportReporter -->
<testsuite hostname="DESKTOP-J62OJIL" failures="0" tests="1" name="TestRunner.CucumberTestRunner" time="3.618" errors="0" timestamp="2023-11-20T23:47:43 IST" skipped="0">
  <testcase classname="TestRunner.CucumberTestRunner" name="runScenario" time="3.618"/>
</testsuite> <!-- TestRunner.CucumberTestRunner -->
